[0.011s] Invoking command in '/home/ros/ros2_wrs_qr/build/qrdetector': CMAKE_PREFIX_PATH=/opt/ros/humble /usr/bin/cmake /home/ros/ros2_wrs_qr/src/qrdetector -DCMAKE_INSTALL_PREFIX=/home/ros/ros2_wrs_qr/install/qrdetector
[0.023s] -- Found ament_cmake: 1.3.11 (/opt/ros/humble/share/ament_cmake/cmake)
[0.175s] -- Found rclcpp: 16.0.12 (/opt/ros/humble/share/rclcpp/cmake)
[0.213s] -- Found rosidl_generator_c: 3.1.6 (/opt/ros/humble/share/rosidl_generator_c/cmake)
[0.217s] -- Found rosidl_adapter: 3.1.6 (/opt/ros/humble/share/rosidl_adapter/cmake)
[0.223s] -- Found rosidl_generator_cpp: 3.1.6 (/opt/ros/humble/share/rosidl_generator_cpp/cmake)
[0.237s] -- Using all available rosidl_typesupport_c: rosidl_typesupport_fastrtps_c;rosidl_typesupport_introspection_c
[0.252s] -- Using all available rosidl_typesupport_cpp: rosidl_typesupport_fastrtps_cpp;rosidl_typesupport_introspection_cpp
[0.292s] -- Found rmw_implementation_cmake: 6.1.2 (/opt/ros/humble/share/rmw_implementation_cmake/cmake)
[0.294s] -- Found rmw_fastrtps_cpp: 6.2.7 (/opt/ros/humble/share/rmw_fastrtps_cpp/cmake)
[0.433s] -- Using RMW implementation 'rmw_fastrtps_cpp' as default
[0.496s] -- Found sensor_msgs: 4.8.0 (/opt/ros/humble/share/sensor_msgs/cmake)
[0.533s] -- Found cv_bridge: 3.2.1 (/opt/ros/humble/share/cv_bridge/cmake)
[0.542s] -- Found image_transport: 3.1.11 (/opt/ros/humble/share/image_transport/cmake)
[0.581s] -- Checking for module 'zbar'
[0.593s] --   Found zbar, version 0.23.92
[0.717s] [31mCMake Error at /opt/ros/humble/share/ament_cmake_core/cmake/core/ament_package_xml.cmake:53 (message):
[0.718s]   ament_package_xml() package name 'qrdetector' in '/package.xml' does not
[0.718s]   match current PROJECT_NAME 'qr_detector'.  You must call project() with the
[0.718s]   same package name before.
[0.718s] Call Stack (most recent call first):
[0.718s]   /opt/ros/humble/share/ament_cmake_core/cmake/core/ament_package.cmake:63 (ament_package_xml)
[0.718s]   CMakeLists.txt:57 (ament_package)
[0.718s] 
[0.718s] [0m
[0.721s] -- Configuring incomplete, errors occurred!
[0.722s] See also "/home/ros/ros2_wrs_qr/build/qrdetector/CMakeFiles/CMakeOutput.log".
[0.730s] Invoked command in '/home/ros/ros2_wrs_qr/build/qrdetector' returned '1': CMAKE_PREFIX_PATH=/opt/ros/humble /usr/bin/cmake /home/ros/ros2_wrs_qr/src/qrdetector -DCMAKE_INSTALL_PREFIX=/home/ros/ros2_wrs_qr/install/qrdetector
