[0.012s] Invoking command in '/home/ros/ros2_wrs_qr/build/qr_detector': CMAKE_PREFIX_PATH=/opt/ros/humble /usr/bin/cmake /home/ros/ros2_wrs_qr/src/qrdetector -DCMAKE_INSTALL_PREFIX=/home/ros/ros2_wrs_qr/install/qr_detector
[0.097s] -- The C compiler identification is GNU 11.4.0
[0.181s] -- The CXX compiler identification is GNU 11.4.0
[0.190s] -- Detecting C compiler ABI info
[0.289s] -- Detecting C compiler ABI info - done
[0.304s] -- Check for working C compiler: /usr/bin/cc - skipped
[0.304s] -- Detecting C compile features
[0.305s] -- Detecting C compile features - done
[0.310s] -- Detecting CXX compiler ABI info
[0.435s] -- Detecting CXX compiler ABI info - done
[0.450s] -- Check for working CXX compiler: /usr/bin/c++ - skipped
[0.450s] -- Detecting CXX compile features
[0.451s] -- Detecting CXX compile features - done
[0.455s] -- Found ament_cmake: 1.3.11 (/opt/ros/humble/share/ament_cmake/cmake)
[1.016s] -- Found Python3: /usr/bin/python3 (found version "3.10.12") found components: Interpreter 
[1.154s] -- Found rclcpp: 16.0.12 (/opt/ros/humble/share/rclcpp/cmake)
[1.213s] -- Found rosidl_generator_c: 3.1.6 (/opt/ros/humble/share/rosidl_generator_c/cmake)
[1.221s] -- Found rosidl_adapter: 3.1.6 (/opt/ros/humble/share/rosidl_adapter/cmake)
[1.236s] -- Found rosidl_generator_cpp: 3.1.6 (/opt/ros/humble/share/rosidl_generator_cpp/cmake)
[1.256s] -- Using all available rosidl_typesupport_c: rosidl_typesupport_fastrtps_c;rosidl_typesupport_introspection_c
[1.285s] -- Using all available rosidl_typesupport_cpp: rosidl_typesupport_fastrtps_cpp;rosidl_typesupport_introspection_cpp
[1.336s] -- Found rmw_implementation_cmake: 6.1.2 (/opt/ros/humble/share/rmw_implementation_cmake/cmake)
[1.340s] -- Found rmw_fastrtps_cpp: 6.2.7 (/opt/ros/humble/share/rmw_fastrtps_cpp/cmake)
[1.451s] -- Found OpenSSL: /usr/lib/x86_64-linux-gnu/libcrypto.so (found version "3.0.2")  
[1.507s] -- Found FastRTPS: /opt/ros/humble/include  
[1.582s] -- Using RMW implementation 'rmw_fastrtps_cpp' as default
[1.594s] -- Looking for pthread.h
[1.691s] -- Looking for pthread.h - found
[1.692s] -- Performing Test CMAKE_HAVE_LIBC_PTHREAD
[1.786s] -- Performing Test CMAKE_HAVE_LIBC_PTHREAD - Success
[1.787s] -- Found Threads: TRUE  
[1.852s] -- Found sensor_msgs: 4.8.0 (/opt/ros/humble/share/sensor_msgs/cmake)
[1.888s] -- Found cv_bridge: 3.2.1 (/opt/ros/humble/share/cv_bridge/cmake)
[1.900s] -- Found image_transport: 3.1.11 (/opt/ros/humble/share/image_transport/cmake)
[1.955s] -- Found OpenCV: /usr (found version "4.5.4") 
[1.959s] -- Found PkgConfig: /usr/bin/pkg-config (found version "0.29.2") 
[1.960s] -- Checking for module 'zbar'
[1.972s] --   Found zbar, version 0.23.92
[2.083s] -- Configuring done
[2.103s] -- Generating done
[2.110s] -- Build files have been written to: /home/ros/ros2_wrs_qr/build/qr_detector
[2.132s] Invoked command in '/home/ros/ros2_wrs_qr/build/qr_detector' returned '0': CMAKE_PREFIX_PATH=/opt/ros/humble /usr/bin/cmake /home/ros/ros2_wrs_qr/src/qrdetector -DCMAKE_INSTALL_PREFIX=/home/ros/ros2_wrs_qr/install/qr_detector
[2.135s] Invoking command in '/home/ros/ros2_wrs_qr/build/qr_detector': CMAKE_PREFIX_PATH=/opt/ros/humble /usr/bin/cmake --build /home/ros/ros2_wrs_qr/build/qr_detector -- -j4 -l4
[2.188s] [ 50%] [32mBuilding CXX object CMakeFiles/qr_detector_node.dir/src/qr_detector_node.cpp.o[0m
[13.601s] [100%] [32m[1mLinking CXX executable qr_detector_node[0m
[14.653s] [100%] Built target qr_detector_node
[14.663s] Invoked command in '/home/ros/ros2_wrs_qr/build/qr_detector' returned '0': CMAKE_PREFIX_PATH=/opt/ros/humble /usr/bin/cmake --build /home/ros/ros2_wrs_qr/build/qr_detector -- -j4 -l4
[14.674s] Invoking command in '/home/ros/ros2_wrs_qr/build/qr_detector': CMAKE_PREFIX_PATH=/opt/ros/humble /usr/bin/cmake --install /home/ros/ros2_wrs_qr/build/qr_detector
[14.681s] -- Install configuration: ""
[14.681s] -- Installing: /home/ros/ros2_wrs_qr/install/qr_detector/lib/qr_detector/qr_detector_node
[14.686s] -- Set runtime path of "/home/ros/ros2_wrs_qr/install/qr_detector/lib/qr_detector/qr_detector_node" to ""
[14.686s] -- Installing: /home/ros/ros2_wrs_qr/install/qr_detector/share/ament_index/resource_index/package_run_dependencies/qr_detector
[14.687s] -- Installing: /home/ros/ros2_wrs_qr/install/qr_detector/share/ament_index/resource_index/parent_prefix_path/qr_detector
[14.687s] -- Installing: /home/ros/ros2_wrs_qr/install/qr_detector/share/qr_detector/environment/ament_prefix_path.sh
[14.687s] -- Installing: /home/ros/ros2_wrs_qr/install/qr_detector/share/qr_detector/environment/ament_prefix_path.dsv
[14.687s] -- Installing: /home/ros/ros2_wrs_qr/install/qr_detector/share/qr_detector/environment/path.sh
[14.687s] -- Installing: /home/ros/ros2_wrs_qr/install/qr_detector/share/qr_detector/environment/path.dsv
[14.687s] -- Installing: /home/ros/ros2_wrs_qr/install/qr_detector/share/qr_detector/local_setup.bash
[14.687s] -- Installing: /home/ros/ros2_wrs_qr/install/qr_detector/share/qr_detector/local_setup.sh
[14.688s] -- Installing: /home/ros/ros2_wrs_qr/install/qr_detector/share/qr_detector/local_setup.zsh
[14.688s] -- Installing: /home/ros/ros2_wrs_qr/install/qr_detector/share/qr_detector/local_setup.dsv
[14.689s] -- Installing: /home/ros/ros2_wrs_qr/install/qr_detector/share/qr_detector/package.dsv
[14.689s] -- Installing: /home/ros/ros2_wrs_qr/install/qr_detector/share/ament_index/resource_index/packages/qr_detector
[14.690s] -- Installing: /home/ros/ros2_wrs_qr/install/qr_detector/share/qr_detector/cmake/qr_detectorConfig.cmake
[14.690s] -- Installing: /home/ros/ros2_wrs_qr/install/qr_detector/share/qr_detector/cmake/qr_detectorConfig-version.cmake
[14.690s] -- Installing: /home/ros/ros2_wrs_qr/install/qr_detector/share/qr_detector/package.xml
[14.691s] Invoked command in '/home/ros/ros2_wrs_qr/build/qr_detector' returned '0': CMAKE_PREFIX_PATH=/opt/ros/humble /usr/bin/cmake --install /home/ros/ros2_wrs_qr/build/qr_detector
